app/manifest-merger-release-report.txt
-- Merging decision tree log ---
manifest
ADDED from AndroidManifest.xml:2:1
	package
		ADDED from AndroidManifest.xml:3:5
		INJECTED from AndroidManifest.xml:0:0
		INJECTED from AndroidManifest.xml:0:0
	android:versionName
		INJECTED from AndroidManifest.xml:0:0
		INJECTED from AndroidManifest.xml:0:0
	xmlns:android
		ADDED from AndroidManifest.xml:2:11
	android:versionCode
		INJECTED from AndroidManifest.xml:0:0
		INJECTED from AndroidManifest.xml:0:0
application
ADDED from AndroidManifest.xml:5:5
MERGED from com.android.support:support-v4:22.0.0:22:5
MERGED from com.android.support:appcompat-v7:22.0.0:22:5
MERGED from com.android.support:support-v4:22.0.0:22:5
MERGED from com.android.support:recyclerview-v7:21.0.3:17:5
MERGED from com.android.support:support-v4:22.0.0:22:5
MERGED from com.github.traex.rippleeffect:library:1.2.4:12:5
	android:label
		ADDED from AndroidManifest.xml:8:9
	android:allowBackup
		ADDED from AndroidManifest.xml:6:9
	android:icon
		ADDED from AndroidManifest.xml:7:9
	android:theme
		ADDED from AndroidManifest.xml:9:9
activity#pj.ess.dee.beingaprogrammer.Activities.SplashActivity
ADDED from AndroidManifest.xml:10:9
	android:label
		ADDED from AndroidManifest.xml:13:13
	android:configChanges
		ADDED from AndroidManifest.xml:12:13
	android:theme
		ADDED from AndroidManifest.xml:14:13
	android:name
		ADDED from AndroidManifest.xml:11:13
intent-filter#android.intent.action.MAIN+android.intent.category.LAUNCHER
ADDED from AndroidManifest.xml:15:13
action#android.intent.action.MAIN
ADDED from AndroidManifest.xml:16:17
	android:name
		ADDED from AndroidManifest.xml:16:25
category#android.intent.category.LAUNCHER
ADDED from AndroidManifest.xml:17:17
	android:name
		ADDED from AndroidManifest.xml:17:27
activity#pj.ess.dee.beingaprogrammer.Activities.MainActivity
ADDED from AndroidManifest.xml:20:9
	android:label
		ADDED from AndroidManifest.xml:23:13
	android:alwaysRetainTaskState
		ADDED from AndroidManifest.xml:22:13
	android:name
		ADDED from AndroidManifest.xml:21:13
intent-filter#android.intent.action.MAIN+android.intent.category.DEFAULT+pj.ess.dee.beingaprogrammer.MAINACTIVITY
ADDED from AndroidManifest.xml:24:13
action#pj.ess.dee.beingaprogrammer.MAINACTIVITY
ADDED from AndroidManifest.xml:26:17
	android:name
		ADDED from AndroidManifest.xml:26:25
category#android.intent.category.DEFAULT
ADDED from AndroidManifest.xml:28:17
	android:name
		ADDED from AndroidManifest.xml:28:27
activity#pj.ess.dee.beingaprogrammer.Activities.HelpAndFeedbackActivity
ADDED from AndroidManifest.xml:31:9
	android:label
		ADDED from AndroidManifest.xml:34:13
	android:parentActivityName
		ADDED from AndroidManifest.xml:35:13
	android:alwaysRetainTaskState
		ADDED from AndroidManifest.xml:33:13
	android:name
		ADDED from AndroidManifest.xml:32:13
meta-data#android.support.PARENT_ACTIVITY
ADDED from AndroidManifest.xml:36:13
	android:value
		ADDED from AndroidManifest.xml:38:17
	android:name
		ADDED from AndroidManifest.xml:37:17
activity#pj.ess.dee.beingaprogrammer.Activities.MyTheme
ADDED from AndroidManifest.xml:41:9
	android:label
		ADDED from AndroidManifest.xml:43:13
	android:theme
		ADDED from AndroidManifest.xml:44:13
	android:name
		ADDED from AndroidManifest.xml:42:13
activity#pj.ess.dee.beingaprogrammer.util.Search
ADDED from AndroidManifest.xml:49:9
	android:name
		ADDED from AndroidManifest.xml:49:19
intent-filter#android.intent.action.SEARCH
ADDED from AndroidManifest.xml:50:13
action#android.intent.action.SEARCH
ADDED from AndroidManifest.xml:51:17
	android:name
		ADDED from AndroidManifest.xml:51:25
meta-data#android.app.searchable
ADDED from AndroidManifest.xml:54:13
	android:resource
		ADDED from AndroidManifest.xml:56:17
	android:name
		ADDED from AndroidManifest.xml:55:17
activity#pj.ess.dee.beingaprogrammer.Activities.TabActivity
ADDED from AndroidManifest.xml:59:9
	android:label
		ADDED from AndroidManifest.xml:62:13
	android:alwaysRetainTaskState
		ADDED from AndroidManifest.xml:61:13
	android:name
		ADDED from AndroidManifest.xml:60:13
activity#pj.ess.dee.beingaprogrammer.Activities.QuizFetchActivity
ADDED from AndroidManifest.xml:67:9
	android:label
		ADDED from AndroidManifest.xml:70:13
	android:alwaysRetainTaskState
		ADDED from AndroidManifest.xml:69:13
	android:name
		ADDED from AndroidManifest.xml:68:13
activity#pj.ess.dee.beingaprogrammer.Activities.QuestionActivity
ADDED from AndroidManifest.xml:71:9
	android:label
		ADDED from AndroidManifest.xml:74:13
	android:alwaysRetainTaskState
		ADDED from AndroidManifest.xml:73:13
	android:theme
		ADDED from AndroidManifest.xml:75:13
	android:name
		ADDED from AndroidManifest.xml:72:13
activity#pj.ess.dee.beingaprogrammer.QuizLevels.QuizBeginner
ADDED from AndroidManifest.xml:76:9
	android:label
		ADDED from AndroidManifest.xml:79:13
	android:alwaysRetainTaskState
		ADDED from AndroidManifest.xml:78:13
	android:name
		ADDED from AndroidManifest.xml:77:13
activity#pj.ess.dee.beingaprogrammer.QuizLevels.QuizIntermediate
ADDED from AndroidManifest.xml:80:9
	android:label
		ADDED from AndroidManifest.xml:83:13
	android:alwaysRetainTaskState
		ADDED from AndroidManifest.xml:82:13
	android:name
		ADDED from AndroidManifest.xml:81:13
activity#pj.ess.dee.beingaprogrammer.QuizLevels.QuizExpert
ADDED from AndroidManifest.xml:84:9
	android:label
		ADDED from AndroidManifest.xml:87:13
	android:alwaysRetainTaskState
		ADDED from AndroidManifest.xml:86:13
	android:name
		ADDED from AndroidManifest.xml:85:13
activity#pj.ess.dee.beingaprogrammer.Activities.TutorialViewActivity
ADDED from AndroidManifest.xml:88:9
	android:label
		ADDED from AndroidManifest.xml:91:13
	android:alwaysRetainTaskState
		ADDED from AndroidManifest.xml:90:13
	android:name
		ADDED from AndroidManifest.xml:89:13
activity#pj.ess.dee.beingaprogrammer.QuizLevels.BeforeLevelsIntroduction
ADDED from AndroidManifest.xml:92:9
	android:alwaysRetainTaskState
		ADDED from AndroidManifest.xml:94:13
	android:name
		ADDED from AndroidManifest.xml:93:13
activity#pj.ess.dee.beingaprogrammer.Activities.CustomDialogQuiz
ADDED from AndroidManifest.xml:96:9
	android:label
		ADDED from AndroidManifest.xml:98:13
	android:theme
		ADDED from AndroidManifest.xml:99:13
	android:name
		ADDED from AndroidManifest.xml:97:13
uses-sdk
INJECTED from AndroidManifest.xml:0:0 reason: use-sdk injection requested
MERGED from com.android.support:support-v4:22.0.0:20:5
MERGED from com.android.support:appcompat-v7:22.0.0:20:5
MERGED from com.android.support:support-v4:22.0.0:20:5
MERGED from com.android.support:recyclerview-v7:21.0.3:15:5
MERGED from com.android.support:support-v4:22.0.0:20:5
MERGED from com.github.traex.rippleeffect:library:1.2.4:8:5
	android:targetSdkVersion
		INJECTED from AndroidManifest.xml:0:0
		INJECTED from AndroidManifest.xml:0:0
	android:minSdkVersion
		INJECTED from AndroidManifest.xml:0:0
		INJECTED from AndroidManifest.xml:0:0
activity#android.support.v7.widget.TestActivity
ADDED from com.android.support:recyclerview-v7:21.0.3:18:9
	android:label
		ADDED from com.android.support:recyclerview-v7:21.0.3:18:19
	android:name
		ADDED from com.android.support:recyclerview-v7:21.0.3:18:60